########################[10:45:06]##########################------------------------------------------------------------Error Msgs : Uncaught PDOException: SQLSTATE[42S22]: Column not found: 1054 Unknown column 'repassword' in 'field list' in E:\data\data_website\htdocs\bangkit\system\core\core_database.php:49
Stack trace:
#0 E:\data\data_website\htdocs\bangkit\system\core\core_database.php(49): PDO->query('INSERT INTO dat...')
#1 E:\data\data_website\htdocs\bangkit\system\core\core_database_insert.php(113): system\core\database->query('INSERT INTO dat...')
#2 E:\data\data_website\htdocs\bangkit\system\core\core_database_insert.php(63): system\core\database_insert->main_query()
#3 E:\data\data_website\htdocs\bangkit\system\core\core_loadinstance.php(276): system\core\database_insert->catch_error()
#4 E:\data\data_website\htdocs\bangkit\application\models\index\service_register.php(37): load->db_insert('data_user', Array)
#5 E:\data\data_website\htdocs\bangkit\system\core\core_controller.php(221): service_register->__construct()
#6 E:\data\data_website\htdocs\bangkit\application\register\config.php(1): controller->declarate_space()
#7 E:\da------------------------------------------------------------Error Type : 1------------------------------------------------------------Error File : E:\data\data_website\htdocs\bangkit\system\core\core_database.php------------------------------------------------------------Error Line : 49------------------------------------------------------------Error Date : 30-May-2021------------------------------------------------------------Error Time : 10:45:06------------------------------------------------------------########################[11:54:36]##########################------------------------------------------------------------Error Msgs : Uncaught PDOException: SQLSTATE[42000]: Syntax error or access violation: 1064 You have an error in your SQL syntax; check the manual that corresponds to your MariaDB server version for the right syntax to use near 'where-email) VALUES ('Yudha Romadhon 1','082110975564','Sumatra Barat','Padan...' at line 1 in E:\data\data_website\htdocs\bangkit\system\core\core_database.php:49
Stack trace:
#0 E:\data\data_website\htdocs\bangkit\system\core\core_database.php(49): PDO->query('INSERT INTO dat...')
#1 E:\data\data_website\htdocs\bangkit\system\core\core_database_insert.php(113): system\core\database->query('INSERT INTO dat...')
#2 E:\data\data_website\htdocs\bangkit\system\core\core_database_insert.php(63): system\core\database_insert->main_query()
#3 E:\data\data_website\htdocs\bangkit\system\core\core_loadinstance.php(276): system\core\database_insert->catch_error()
#4 E:\data\data_website\htdocs\bangkit\application\models\index\service_edit_user.php(57): load->db_insert('data_user', Array)
#5 E:\data\data_webs------------------------------------------------------------Error Type : 1------------------------------------------------------------Error File : E:\data\data_website\htdocs\bangkit\system\core\core_database.php------------------------------------------------------------Error Line : 49------------------------------------------------------------Error Date : 30-May-2021------------------------------------------------------------Error Time : 11:54:36------------------------------------------------------------########################[11:57:06]##########################------------------------------------------------------------Error Msgs : Uncaught PDOException: SQLSTATE[42000]: Syntax error or access violation: 1064 You have an error in your SQL syntax; check the manual that corresponds to your MariaDB server version for the right syntax to use near 'where-email) VALUES ('Yudha Romadhon 1','082110975564','Sumatra Barat','Padan...' at line 1 in E:\data\data_website\htdocs\bangkit\system\core\core_database.php:49
Stack trace:
#0 E:\data\data_website\htdocs\bangkit\system\core\core_database.php(49): PDO->query('INSERT INTO dat...')
#1 E:\data\data_website\htdocs\bangkit\system\core\core_database_insert.php(113): system\core\database->query('INSERT INTO dat...')
#2 E:\data\data_website\htdocs\bangkit\system\core\core_database_insert.php(63): system\core\database_insert->main_query()
#3 E:\data\data_website\htdocs\bangkit\system\core\core_loadinstance.php(276): system\core\database_insert->catch_error()
#4 E:\data\data_website\htdocs\bangkit\application\models\index\service_edit_user.php(57): load->db_insert('data_user', Array)
#5 E:\data\data_webs------------------------------------------------------------Error Type : 1------------------------------------------------------------Error File : E:\data\data_website\htdocs\bangkit\system\core\core_database.php------------------------------------------------------------Error Line : 49------------------------------------------------------------Error Date : 30-May-2021------------------------------------------------------------Error Time : 11:57:06------------------------------------------------------------########################[11:57:26]##########################------------------------------------------------------------Error Msgs : Uncaught PDOException: SQLSTATE[42000]: Syntax error or access violation: 1064 You have an error in your SQL syntax; check the manual that corresponds to your MariaDB server version for the right syntax to use near 'where-email) VALUES ('Yudha Romadhon 1','082110975564','Sumatra Barat','Padan...' at line 1 in E:\data\data_website\htdocs\bangkit\system\core\core_database.php:49
Stack trace:
#0 E:\data\data_website\htdocs\bangkit\system\core\core_database.php(49): PDO->query('INSERT INTO dat...')
#1 E:\data\data_website\htdocs\bangkit\system\core\core_database_insert.php(113): system\core\database->query('INSERT INTO dat...')
#2 E:\data\data_website\htdocs\bangkit\system\core\core_database_insert.php(63): system\core\database_insert->main_query()
#3 E:\data\data_website\htdocs\bangkit\system\core\core_loadinstance.php(276): system\core\database_insert->catch_error()
#4 E:\data\data_website\htdocs\bangkit\application\models\index\service_edit_user.php(57): load->db_insert('data_user', Array)
#5 E:\data\data_webs------------------------------------------------------------Error Type : 1------------------------------------------------------------Error File : E:\data\data_website\htdocs\bangkit\system\core\core_database.php------------------------------------------------------------Error Line : 49------------------------------------------------------------Error Date : 30-May-2021------------------------------------------------------------Error Time : 11:57:26------------------------------------------------------------########################[02:47:11]##########################------------------------------------------------------------Error Msgs : syntax error, unexpected '->' (T_OBJECT_OPERATOR), expecting ',' or ';'------------------------------------------------------------Error Type : 4------------------------------------------------------------Error File : /var/www/html/application/controllers/index.php------------------------------------------------------------Error Line : 8------------------------------------------------------------Error Date : 30-May-2021------------------------------------------------------------Error Time : 02:47:11------------------------------------------------------------########################[02:47:11]##########################------------------------------------------------------------Error Msgs : syntax error, unexpected '->' (T_OBJECT_OPERATOR), expecting ',' or ';'------------------------------------------------------------Error Type : 4------------------------------------------------------------Error File : /var/www/html/application/controllers/index.php------------------------------------------------------------Error Line : 8------------------------------------------------------------Error Date : 30-May-2021------------------------------------------------------------Error Time : 02:47:11------------------------------------------------------------########################[02:47:11]##########################------------------------------------------------------------Error Msgs : syntax error, unexpected '->' (T_OBJECT_OPERATOR), expecting ',' or ';'------------------------------------------------------------Error Type : 4------------------------------------------------------------Error File : /var/www/html/application/controllers/index.php------------------------------------------------------------Error Line : 8------------------------------------------------------------Error Date : 30-May-2021------------------------------------------------------------Error Time : 02:47:11------------------------------------------------------------########################[02:47:12]##########################------------------------------------------------------------Error Msgs : syntax error, unexpected '->' (T_OBJECT_OPERATOR), expecting ',' or ';'------------------------------------------------------------Error Type : 4------------------------------------------------------------Error File : /var/www/html/application/controllers/index.php------------------------------------------------------------Error Line : 8------------------------------------------------------------Error Date : 30-May-2021------------------------------------------------------------Error Time : 02:47:12------------------------------------------------------------########################[02:47:12]##########################------------------------------------------------------------Error Msgs : syntax error, unexpected '->' (T_OBJECT_OPERATOR), expecting ',' or ';'------------------------------------------------------------Error Type : 4------------------------------------------------------------Error File : /var/www/html/application/controllers/index.php------------------------------------------------------------Error Line : 8------------------------------------------------------------Error Date : 30-May-2021------------------------------------------------------------Error Time : 02:47:12------------------------------------------------------------########################[02:47:12]##########################------------------------------------------------------------Error Msgs : syntax error, unexpected '->' (T_OBJECT_OPERATOR), expecting ',' or ';'------------------------------------------------------------Error Type : 4------------------------------------------------------------Error File : /var/www/html/application/controllers/index.php------------------------------------------------------------Error Line : 8------------------------------------------------------------Error Date : 30-May-2021------------------------------------------------------------Error Time : 02:47:12------------------------------------------------------------########################[02:47:12]##########################------------------------------------------------------------Error Msgs : syntax error, unexpected '->' (T_OBJECT_OPERATOR), expecting ',' or ';'------------------------------------------------------------Error Type : 4------------------------------------------------------------Error File : /var/www/html/application/controllers/index.php------------------------------------------------------------Error Line : 8------------------------------------------------------------Error Date : 30-May-2021------------------------------------------------------------Error Time : 02:47:12------------------------------------------------------------########################[02:47:12]##########################------------------------------------------------------------Error Msgs : syntax error, unexpected '->' (T_OBJECT_OPERATOR), expecting ',' or ';'------------------------------------------------------------Error Type : 4------------------------------------------------------------Error File : /var/www/html/application/controllers/index.php------------------------------------------------------------Error Line : 8------------------------------------------------------------Error Date : 30-May-2021------------------------------------------------------------Error Time : 02:47:12------------------------------------------------------------########################[09:07:57]##########################------------------------------------------------------------Error Msgs : Undefined variable: build------------------------------------------------------------Error Type : 8------------------------------------------------------------Error File : /var/www/html/system/core/core_database_insert.php------------------------------------------------------------Error Line : 95------------------------------------------------------------Error Date : 30-May-2021------------------------------------------------------------Error Time : 09:07:57------------------------------------------------------------########################[09:07:57]##########################------------------------------------------------------------Error Msgs : array_keys() expects parameter 1 to be array, null given------------------------------------------------------------Error Type : 2------------------------------------------------------------Error File : /var/www/html/system/core/core_database_insert.php------------------------------------------------------------Error Line : 95------------------------------------------------------------Error Date : 30-May-2021------------------------------------------------------------Error Time : 09:07:57------------------------------------------------------------########################[09:07:57]##########################------------------------------------------------------------Error Msgs : implode(): Invalid arguments passed------------------------------------------------------------Error Type : 2------------------------------------------------------------Error File : /var/www/html/system/core/core_database_insert.php------------------------------------------------------------Error Line : 95------------------------------------------------------------Error Date : 30-May-2021------------------------------------------------------------Error Time : 09:07:57------------------------------------------------------------########################[09:07:57]##########################------------------------------------------------------------Error Msgs : Undefined variable: build------------------------------------------------------------Error Type : 8------------------------------------------------------------Error File : /var/www/html/system/core/core_database_insert.php------------------------------------------------------------Error Line : 96------------------------------------------------------------Error Date : 30-May-2021------------------------------------------------------------Error Time : 09:07:57------------------------------------------------------------########################[09:07:57]##########################------------------------------------------------------------Error Msgs : implode(): Invalid arguments passed------------------------------------------------------------Error Type : 2------------------------------------------------------------Error File : /var/www/html/system/core/core_database_insert.php------------------------------------------------------------Error Line : 96------------------------------------------------------------Error Date : 30-May-2021------------------------------------------------------------Error Time : 09:07:57------------------------------------------------------------########################[09:07:57]##########################------------------------------------------------------------Error Msgs : Array to string conversion------------------------------------------------------------Error Type : 8------------------------------------------------------------Error File : /var/www/html/system/core/core_database_insert.php------------------------------------------------------------Error Line : 98------------------------------------------------------------Error Date : 30-May-2021------------------------------------------------------------Error Time : 09:07:57------------------------------------------------------------########################[09:07:57]##########################------------------------------------------------------------Error Msgs : Uncaught PDOException: SQLSTATE[42S02]: Base table or view not found: 1146 Table 'bangunan.Array' doesn't exist in /var/www/html/system/core/core_database.php:49
Stack trace:
#0 /var/www/html/system/core/core_database.php(49): PDO->query('INSERT INTO Arr...')
#1 /var/www/html/system/core/core_database_insert.php(113): system\core\database->query('INSERT INTO Arr...')
#2 /var/www/html/system/core/core_database_insert.php(63): system\core\database_insert->main_query()
#3 /var/www/html/system/core/core_loadinstance.php(276): system\core\database_insert->catch_error()
#4 /var/www/html/application/models/index/service_report.php(30): load->db_insert(Array)
#5 /var/www/html/system/core/core_controller.php(221): service_report->__construct()
#6 /var/www/html/application/register/config.php(1): controller->declarate_space()
#7 /var/www/html/application/config/autoload.php(200): require_once('/var/www/html/a...')
#8 /var/www/html/index.php(68): require_once('/var/www/html/a...')
#9 {main}
  thrown------------------------------------------------------------Error Type : 1------------------------------------------------------------Error File : /var/www/html/system/core/core_database.php------------------------------------------------------------Error Line : 49------------------------------------------------------------Error Date : 30-May-2021------------------------------------------------------------Error Time : 09:07:57------------------------------------------------------------########################[09:10:16]##########################------------------------------------------------------------Error Msgs : Uncaught PDOException: SQLSTATE[42S22]: Column not found: 1054 Unknown column 'fullname' in 'field list' in /var/www/html/system/core/core_database.php:49
Stack trace:
#0 /var/www/html/system/core/core_database.php(49): PDO->query('INSERT INTO dat...')
#1 /var/www/html/system/core/core_database_insert.php(113): system\core\database->query('INSERT INTO dat...')
#2 /var/www/html/system/core/core_database_insert.php(63): system\core\database_insert->main_query()
#3 /var/www/html/system/core/core_loadinstance.php(276): system\core\database_insert->catch_error()
#4 /var/www/html/application/models/index/service_report.php(30): load->db_insert('data_process', Array)
#5 /var/www/html/system/core/core_controller.php(221): service_report->__construct()
#6 /var/www/html/application/register/config.php(1): controller->declarate_space()
#7 /var/www/html/application/config/autoload.php(200): require_once('/var/www/html/a...')
#8 /var/www/html/index.php(68): require_once('/var/www/html/a...')
#9 {main}
  thrown------------------------------------------------------------Error Type : 1------------------------------------------------------------Error File : /var/www/html/system/core/core_database.php------------------------------------------------------------Error Line : 49------------------------------------------------------------Error Date : 30-May-2021------------------------------------------------------------Error Time : 09:10:16------------------------------------------------------------########################[09:12:24]##########################------------------------------------------------------------Error Msgs : Uncaught PDOException: SQLSTATE[42S22]: Column not found: 1054 Unknown column 'file' in 'field list' in /var/www/html/system/core/core_database.php:49
Stack trace:
#0 /var/www/html/system/core/core_database.php(49): PDO->query('INSERT INTO dat...')
#1 /var/www/html/system/core/core_database_insert.php(113): system\core\database->query('INSERT INTO dat...')
#2 /var/www/html/system/core/core_database_insert.php(63): system\core\database_insert->main_query()
#3 /var/www/html/system/core/core_loadinstance.php(276): system\core\database_insert->catch_error()
#4 /var/www/html/application/models/index/service_report.php(30): load->db_insert('data_process', Array)
#5 /var/www/html/system/core/core_controller.php(221): service_report->__construct()
#6 /var/www/html/application/register/config.php(1): controller->declarate_space()
#7 /var/www/html/application/config/autoload.php(200): require_once('/var/www/html/a...')
#8 /var/www/html/index.php(68): require_once('/var/www/html/a...')
#9 {main}
  thrown------------------------------------------------------------Error Type : 1------------------------------------------------------------Error File : /var/www/html/system/core/core_database.php------------------------------------------------------------Error Line : 49------------------------------------------------------------Error Date : 30-May-2021------------------------------------------------------------Error Time : 09:12:24------------------------------------------------------------